[1114/115322.603:ERROR:media_internals.cc(112)] Cannot get RenderProcessHost
[1115/085909.810:WARNING:dns_config_service_win.cc(668)] Failed to read DnsConfig.
[1115/085914.829:WARNING:dns_config_service_win.cc(668)] Failed to read DnsConfig.
[1115/085919.853:WARNING:dns_config_service_win.cc(668)] Failed to read DnsConfig.
[1115/085924.866:WARNING:dns_config_service_win.cc(668)] Failed to read DnsConfig.
[1115/085929.880:WARNING:dns_config_service_win.cc(668)] Failed to read DnsConfig.
[1115/085934.897:WARNING:dns_config_service_win.cc(668)] Failed to read DnsConfig.
[1115/085939.912:WARNING:dns_config_service_win.cc(668)] Failed to read DnsConfig.
[1115/085944.934:WARNING:dns_config_service_win.cc(668)] Failed to read DnsConfig.
[1115/085949.956:WARNING:dns_config_service_win.cc(668)] Failed to read DnsConfig.
[1115/085954.965:WARNING:dns_config_service_win.cc(668)] Failed to read DnsConfig.
[1115/085959.985:WARNING:dns_config_service_win.cc(668)] Failed to read DnsConfig.
[1115/090005.002:WARNING:dns_config_service_win.cc(668)] Failed to read DnsConfig.
[1115/090010.025:WARNING:dns_config_service_win.cc(668)] Failed to read DnsConfig.
[1115/090015.039:WARNING:dns_config_service_win.cc(668)] Failed to read DnsConfig.
[1115/090020.057:WARNING:dns_config_service_win.cc(668)] Failed to read DnsConfig.
[1115/090025.069:WARNING:dns_config_service_win.cc(668)] Failed to read DnsConfig.
[1115/090030.083:WARNING:dns_config_service_win.cc(668)] Failed to read DnsConfig.
[1115/090035.101:WARNING:dns_config_service_win.cc(668)] Failed to read DnsConfig.
[1115/090040.118:WARNING:dns_config_service_win.cc(668)] Failed to read DnsConfig.
[1115/090045.139:WARNING:dns_config_service_win.cc(668)] Failed to read DnsConfig.
[1115/090050.151:WARNING:dns_config_service_win.cc(668)] Failed to read DnsConfig.
[1115/090055.165:WARNING:dns_config_service_win.cc(668)] Failed to read DnsConfig.
[1115/090100.179:WARNING:dns_config_service_win.cc(668)] Failed to read DnsConfig.
[1115/090105.197:WARNING:dns_config_service_win.cc(668)] Failed to read DnsConfig.
[1115/090110.218:WARNING:dns_config_service_win.cc(668)] Failed to read DnsConfig.
[1115/090115.237:WARNING:dns_config_service_win.cc(668)] Failed to read DnsConfig.
[1115/090120.251:WARNING:dns_config_service_win.cc(668)] Failed to read DnsConfig.
[1115/090125.267:WARNING:dns_config_service_win.cc(668)] Failed to read DnsConfig.
[1115/090130.290:WARNING:dns_config_service_win.cc(668)] Failed to read DnsConfig.
[1115/090135.312:WARNING:dns_config_service_win.cc(668)] Failed to read DnsConfig.
[1115/090140.337:WARNING:dns_config_service_win.cc(668)] Failed to read DnsConfig.
[1115/090145.359:WARNING:dns_config_service_win.cc(668)] Failed to read DnsConfig.
[1115/090150.376:WARNING:dns_config_service_win.cc(668)] Failed to read DnsConfig.
[1115/090155.398:WARNING:dns_config_service_win.cc(668)] Failed to read DnsConfig.
[1115/090200.419:WARNING:dns_config_service_win.cc(668)] Failed to read DnsConfig.
[1115/090205.435:WARNING:dns_config_service_win.cc(668)] Failed to read DnsConfig.
[1115/090210.447:WARNING:dns_config_service_win.cc(668)] Failed to read DnsConfig.
[1115/090215.457:WARNING:dns_config_service_win.cc(668)] Failed to read DnsConfig.
[1115/090220.470:WARNING:dns_config_service_win.cc(668)] Failed to read DnsConfig.
[1115/090225.495:WARNING:dns_config_service_win.cc(668)] Failed to read DnsConfig.
[1115/090230.508:WARNING:dns_config_service_win.cc(668)] Failed to read DnsConfig.
[1115/090235.526:WARNING:dns_config_service_win.cc(668)] Failed to read DnsConfig.
[1115/090240.537:WARNING:dns_config_service_win.cc(668)] Failed to read DnsConfig.
[1115/090245.550:WARNING:dns_config_service_win.cc(668)] Failed to read DnsConfig.
[1115/090250.564:WARNING:dns_config_service_win.cc(668)] Failed to read DnsConfig.
[1115/090255.586:WARNING:dns_config_service_win.cc(668)] Failed to read DnsConfig.
[1115/090300.605:WARNING:dns_config_service_win.cc(668)] Failed to read DnsConfig.
[1115/090305.627:WARNING:dns_config_service_win.cc(668)] Failed to read DnsConfig.
[1115/090310.648:WARNING:dns_config_service_win.cc(668)] Failed to read DnsConfig.
[1115/090315.659:WARNING:dns_config_service_win.cc(668)] Failed to read DnsConfig.
[1115/090320.678:WARNING:dns_config_service_win.cc(668)] Failed to read DnsConfig.
[1115/090325.692:WARNING:dns_config_service_win.cc(668)] Failed to read DnsConfig.
[1115/090330.706:WARNING:dns_config_service_win.cc(668)] Failed to read DnsConfig.
[1115/090335.725:WARNING:dns_config_service_win.cc(668)] Failed to read DnsConfig.
[1115/090340.741:WARNING:dns_config_service_win.cc(668)] Failed to read DnsConfig.
[1115/090345.757:WARNING:dns_config_service_win.cc(668)] Failed to read DnsConfig.
[1115/090350.780:WARNING:dns_config_service_win.cc(668)] Failed to read DnsConfig.
[1115/090355.792:WARNING:dns_config_service_win.cc(668)] Failed to read DnsConfig.
[1115/090400.805:WARNING:dns_config_service_win.cc(668)] Failed to read DnsConfig.
[1115/090405.823:WARNING:dns_config_service_win.cc(668)] Failed to read DnsConfig.
[1115/090410.836:WARNING:dns_config_service_win.cc(668)] Failed to read DnsConfig.
[1115/090415.848:WARNING:dns_config_service_win.cc(668)] Failed to read DnsConfig.
[1115/090420.859:WARNING:dns_config_service_win.cc(668)] Failed to read DnsConfig.
[1115/090425.871:WARNING:dns_config_service_win.cc(668)] Failed to read DnsConfig.
[1115/090430.890:WARNING:dns_config_service_win.cc(668)] Failed to read DnsConfig.
[1115/090435.900:WARNING:dns_config_service_win.cc(668)] Failed to read DnsConfig.
[1115/090440.910:WARNING:dns_config_service_win.cc(668)] Failed to read DnsConfig.
[1115/090445.927:WARNING:dns_config_service_win.cc(668)] Failed to read DnsConfig.
[1115/090450.940:WARNING:dns_config_service_win.cc(668)] Failed to read DnsConfig.
[1115/090455.956:WARNING:dns_config_service_win.cc(668)] Failed to read DnsConfig.
[1115/090500.968:WARNING:dns_config_service_win.cc(668)] Failed to read DnsConfig.
[1115/090505.991:WARNING:dns_config_service_win.cc(668)] Failed to read DnsConfig.
[1115/090511.005:WARNING:dns_config_service_win.cc(668)] Failed to read DnsConfig.
[1115/090516.027:WARNING:dns_config_service_win.cc(668)] Failed to read DnsConfig.
[1115/090521.047:WARNING:dns_config_service_win.cc(668)] Failed to read DnsConfig.
[1115/090526.058:WARNING:dns_config_service_win.cc(668)] Failed to read DnsConfig.
[1115/090531.070:WARNING:dns_config_service_win.cc(668)] Failed to read DnsConfig.
[1115/090536.089:WARNING:dns_config_service_win.cc(668)] Failed to read DnsConfig.
[1115/090541.110:WARNING:dns_config_service_win.cc(668)] Failed to read DnsConfig.
[1115/090546.123:WARNING:dns_config_service_win.cc(668)] Failed to read DnsConfig.
[1115/090551.144:WARNING:dns_config_service_win.cc(668)] Failed to read DnsConfig.
[1115/090556.163:WARNING:dns_config_service_win.cc(668)] Failed to read DnsConfig.
[1115/090601.171:WARNING:dns_config_service_win.cc(668)] Failed to read DnsConfig.
[1115/090606.195:WARNING:dns_config_service_win.cc(668)] Failed to read DnsConfig.
[1115/090611.210:WARNING:dns_config_service_win.cc(668)] Failed to read DnsConfig.
[1115/090616.234:WARNING:dns_config_service_win.cc(668)] Failed to read DnsConfig.
[1115/090621.250:WARNING:dns_config_service_win.cc(668)] Failed to read DnsConfig.
[1115/090626.273:WARNING:dns_config_service_win.cc(668)] Failed to read DnsConfig.
[1115/090631.288:WARNING:dns_config_service_win.cc(668)] Failed to read DnsConfig.
[1115/090636.303:WARNING:dns_config_service_win.cc(668)] Failed to read DnsConfig.
[1115/090641.323:WARNING:dns_config_service_win.cc(668)] Failed to read DnsConfig.
[1115/090646.343:WARNING:dns_config_service_win.cc(668)] Failed to read DnsConfig.
[1115/090651.366:WARNING:dns_config_service_win.cc(668)] Failed to read DnsConfig.
[1115/090656.375:WARNING:dns_config_service_win.cc(668)] Failed to read DnsConfig.
[1115/090701.391:WARNING:dns_config_service_win.cc(668)] Failed to read DnsConfig.
[1115/090706.410:WARNING:dns_config_service_win.cc(668)] Failed to read DnsConfig.
[1115/090711.430:WARNING:dns_config_service_win.cc(668)] Failed to read DnsConfig.
[1115/090716.449:WARNING:dns_config_service_win.cc(668)] Failed to read DnsConfig.
[1115/090721.472:WARNING:dns_config_service_win.cc(668)] Failed to read DnsConfig.
[1115/090726.483:WARNING:dns_config_service_win.cc(668)] Failed to read DnsConfig.
[1115/090731.506:WARNING:dns_config_service_win.cc(668)] Failed to read DnsConfig.
[1115/090736.520:WARNING:dns_config_service_win.cc(668)] Failed to read DnsConfig.
[1115/090741.539:WARNING:dns_config_service_win.cc(668)] Failed to read DnsConfig.
[1115/090746.557:WARNING:dns_config_service_win.cc(668)] Failed to read DnsConfig.
[1115/090751.583:WARNING:dns_config_service_win.cc(668)] Failed to read DnsConfig.
[1115/090756.597:WARNING:dns_config_service_win.cc(668)] Failed to read DnsConfig.
[1115/090801.610:WARNING:dns_config_service_win.cc(668)] Failed to read DnsConfig.
[1115/090806.627:WARNING:dns_config_service_win.cc(668)] Failed to read DnsConfig.
[1115/090811.631:WARNING:dns_config_service_win.cc(668)] Failed to read DnsConfig.
[1115/090816.652:WARNING:dns_config_service_win.cc(668)] Failed to read DnsConfig.
[1115/090821.678:WARNING:dns_config_service_win.cc(668)] Failed to read DnsConfig.
[1115/090826.694:WARNING:dns_config_service_win.cc(668)] Failed to read DnsConfig.
[1115/090831.710:WARNING:dns_config_service_win.cc(668)] Failed to read DnsConfig.
[1115/090836.730:WARNING:dns_config_service_win.cc(668)] Failed to read DnsConfig.
[1115/090841.747:WARNING:dns_config_service_win.cc(668)] Failed to read DnsConfig.
[1115/090846.758:WARNING:dns_config_service_win.cc(668)] Failed to read DnsConfig.
[1115/090851.780:WARNING:dns_config_service_win.cc(668)] Failed to read DnsConfig.
[1115/090856.801:WARNING:dns_config_service_win.cc(668)] Failed to read DnsConfig.
[1115/090901.821:WARNING:dns_config_service_win.cc(668)] Failed to read DnsConfig.
[1115/090906.847:WARNING:dns_config_service_win.cc(668)] Failed to read DnsConfig.
[1115/090911.864:WARNING:dns_config_service_win.cc(668)] Failed to read DnsConfig.
[1115/090916.880:WARNING:dns_config_service_win.cc(668)] Failed to read DnsConfig.
[1115/090921.893:WARNING:dns_config_service_win.cc(668)] Failed to read DnsConfig.
[1115/090926.911:WARNING:dns_config_service_win.cc(668)] Failed to read DnsConfig.
[1115/090931.929:WARNING:dns_config_service_win.cc(668)] Failed to read DnsConfig.
[1115/090936.944:WARNING:dns_config_service_win.cc(668)] Failed to read DnsConfig.
[1115/090941.959:WARNING:dns_config_service_win.cc(668)] Failed to read DnsConfig.
[1115/090946.977:WARNING:dns_config_service_win.cc(668)] Failed to read DnsConfig.
[1115/090951.994:WARNING:dns_config_service_win.cc(668)] Failed to read DnsConfig.
[1115/090957.018:WARNING:dns_config_service_win.cc(668)] Failed to read DnsConfig.
[1115/091002.038:WARNING:dns_config_service_win.cc(668)] Failed to read DnsConfig.
[1115/091007.054:WARNING:dns_config_service_win.cc(668)] Failed to read DnsConfig.
[1115/091012.066:WARNING:dns_config_service_win.cc(668)] Failed to read DnsConfig.
[1115/091017.089:WARNING:dns_config_service_win.cc(668)] Failed to read DnsConfig.
[1115/091022.104:WARNING:dns_config_service_win.cc(668)] Failed to read DnsConfig.
[1115/091027.124:WARNING:dns_config_service_win.cc(668)] Failed to read DnsConfig.
[1115/091032.145:WARNING:dns_config_service_win.cc(668)] Failed to read DnsConfig.
[1115/091037.159:WARNING:dns_config_service_win.cc(668)] Failed to read DnsConfig.
[1115/091042.171:WARNING:dns_config_service_win.cc(668)] Failed to read DnsConfig.
[1115/091047.193:WARNING:dns_config_service_win.cc(668)] Failed to read DnsConfig.
[1115/091052.210:WARNING:dns_config_service_win.cc(668)] Failed to read DnsConfig.
[1115/091057.224:WARNING:dns_config_service_win.cc(668)] Failed to read DnsConfig.
[1115/091102.243:WARNING:dns_config_service_win.cc(668)] Failed to read DnsConfig.
[1115/091107.263:WARNING:dns_config_service_win.cc(668)] Failed to read DnsConfig.
[1115/091112.288:WARNING:dns_config_service_win.cc(668)] Failed to read DnsConfig.
[1115/091117.306:WARNING:dns_config_service_win.cc(668)] Failed to read DnsConfig.
[1115/091122.327:WARNING:dns_config_service_win.cc(668)] Failed to read DnsConfig.
[1115/091127.349:WARNING:dns_config_service_win.cc(668)] Failed to read DnsConfig.
[1115/091132.366:WARNING:dns_config_service_win.cc(668)] Failed to read DnsConfig.
[1115/091137.380:WARNING:dns_config_service_win.cc(668)] Failed to read DnsConfig.
[1115/091142.397:WARNING:dns_config_service_win.cc(668)] Failed to read DnsConfig.
[1115/091147.414:WARNING:dns_config_service_win.cc(668)] Failed to read DnsConfig.
[1115/091152.427:WARNING:dns_config_service_win.cc(668)] Failed to read DnsConfig.
[1115/091157.442:WARNING:dns_config_service_win.cc(668)] Failed to read DnsConfig.
[1115/091202.463:WARNING:dns_config_service_win.cc(668)] Failed to read DnsConfig.
[1115/091207.471:WARNING:dns_config_service_win.cc(668)] Failed to read DnsConfig.
[1115/091212.482:WARNING:dns_config_service_win.cc(668)] Failed to read DnsConfig.
[1115/091217.494:WARNING:dns_config_service_win.cc(668)] Failed to read DnsConfig.
[1115/091222.518:WARNING:dns_config_service_win.cc(668)] Failed to read DnsConfig.
[1115/091227.529:WARNING:dns_config_service_win.cc(668)] Failed to read DnsConfig.
[1115/091232.552:WARNING:dns_config_service_win.cc(668)] Failed to read DnsConfig.
[1115/091237.570:WARNING:dns_config_service_win.cc(668)] Failed to read DnsConfig.
[1115/091242.585:WARNING:dns_config_service_win.cc(668)] Failed to read DnsConfig.
[1115/091247.610:WARNING:dns_config_service_win.cc(668)] Failed to read DnsConfig.
[1115/091252.619:WARNING:dns_config_service_win.cc(668)] Failed to read DnsConfig.
[1115/091257.636:WARNING:dns_config_service_win.cc(668)] Failed to read DnsConfig.
[1115/091302.653:WARNING:dns_config_service_win.cc(668)] Failed to read DnsConfig.
[1115/091307.666:WARNING:dns_config_service_win.cc(668)] Failed to read DnsConfig.
[1115/091312.678:WARNING:dns_config_service_win.cc(668)] Failed to read DnsConfig.
[1115/091317.694:WARNING:dns_config_service_win.cc(668)] Failed to read DnsConfig.
[1115/091322.709:WARNING:dns_config_service_win.cc(668)] Failed to read DnsConfig.
[1115/091327.721:WARNING:dns_config_service_win.cc(668)] Failed to read DnsConfig.
[1115/091332.734:WARNING:dns_config_service_win.cc(668)] Failed to read DnsConfig.
[1115/091337.754:WARNING:dns_config_service_win.cc(668)] Failed to read DnsConfig.
[1115/091342.765:WARNING:dns_config_service_win.cc(668)] Failed to read DnsConfig.
[1115/091347.778:WARNING:dns_config_service_win.cc(668)] Failed to read DnsConfig.
[1115/091352.803:WARNING:dns_config_service_win.cc(668)] Failed to read DnsConfig.
[1115/091357.824:WARNING:dns_config_service_win.cc(668)] Failed to read DnsConfig.
[1115/091402.839:WARNING:dns_config_service_win.cc(668)] Failed to read DnsConfig.
[1115/091407.856:WARNING:dns_config_service_win.cc(668)] Failed to read DnsConfig.
[1115/091412.869:WARNING:dns_config_service_win.cc(668)] Failed to read DnsConfig.
[1115/091417.879:WARNING:dns_config_service_win.cc(668)] Failed to read DnsConfig.
[1115/091422.895:WARNING:dns_config_service_win.cc(668)] Failed to read DnsConfig.
[1115/091427.911:WARNING:dns_config_service_win.cc(668)] Failed to read DnsConfig.
[1115/091432.934:WARNING:dns_config_service_win.cc(668)] Failed to read DnsConfig.
[1115/091437.959:WARNING:dns_config_service_win.cc(668)] Failed to read DnsConfig.
[1115/091442.976:WARNING:dns_config_service_win.cc(668)] Failed to read DnsConfig.
[1115/091447.991:WARNING:dns_config_service_win.cc(668)] Failed to read DnsConfig.
[1115/091453.009:WARNING:dns_config_service_win.cc(668)] Failed to read DnsConfig.
[1115/091458.021:WARNING:dns_config_service_win.cc(668)] Failed to read DnsConfig.
[1115/091503.033:WARNING:dns_config_service_win.cc(668)] Failed to read DnsConfig.
[1115/091508.052:WARNING:dns_config_service_win.cc(668)] Failed to read DnsConfig.
[1115/091513.067:WARNING:dns_config_service_win.cc(668)] Failed to read DnsConfig.
[1115/091518.089:WARNING:dns_config_service_win.cc(668)] Failed to read DnsConfig.
[1115/091523.110:WARNING:dns_config_service_win.cc(668)] Failed to read DnsConfig.
[1115/091528.124:WARNING:dns_config_service_win.cc(668)] Failed to read DnsConfig.
[1115/091533.140:WARNING:dns_config_service_win.cc(668)] Failed to read DnsConfig.
[1115/091538.154:WARNING:dns_config_service_win.cc(668)] Failed to read DnsConfig.
[1115/091543.188:WARNING:dns_config_service_win.cc(668)] Failed to read DnsConfig.
[1115/091548.203:WARNING:dns_config_service_win.cc(668)] Failed to read DnsConfig.
[1115/091553.212:WARNING:dns_config_service_win.cc(668)] Failed to read DnsConfig.
[1115/091558.230:WARNING:dns_config_service_win.cc(668)] Failed to read DnsConfig.
[1115/091603.241:WARNING:dns_config_service_win.cc(668)] Failed to read DnsConfig.
[1115/091608.255:WARNING:dns_config_service_win.cc(668)] Failed to read DnsConfig.
[1115/091613.274:WARNING:dns_config_service_win.cc(668)] Failed to read DnsConfig.
[1115/091618.287:WARNING:dns_config_service_win.cc(668)] Failed to read DnsConfig.
[1115/091623.298:WARNING:dns_config_service_win.cc(668)] Failed to read DnsConfig.
[1115/091628.304:WARNING:dns_config_service_win.cc(668)] Failed to read DnsConfig.
[1115/091633.316:WARNING:dns_config_service_win.cc(668)] Failed to read DnsConfig.
[1115/091638.329:WARNING:dns_config_service_win.cc(668)] Failed to read DnsConfig.
[1115/091643.352:WARNING:dns_config_service_win.cc(668)] Failed to read DnsConfig.
[1115/091648.368:WARNING:dns_config_service_win.cc(668)] Failed to read DnsConfig.
[1115/091653.378:WARNING:dns_config_service_win.cc(668)] Failed to read DnsConfig.
[1115/091658.397:WARNING:dns_config_service_win.cc(668)] Failed to read DnsConfig.
[1115/091703.420:WARNING:dns_config_service_win.cc(668)] Failed to read DnsConfig.
[1115/091708.435:WARNING:dns_config_service_win.cc(668)] Failed to read DnsConfig.
[1115/091713.450:WARNING:dns_config_service_win.cc(668)] Failed to read DnsConfig.
[1115/091718.463:WARNING:dns_config_service_win.cc(668)] Failed to read DnsConfig.
[1115/091723.479:WARNING:dns_config_service_win.cc(668)] Failed to read DnsConfig.
[1115/091728.491:WARNING:dns_config_service_win.cc(668)] Failed to read DnsConfig.
[1115/091733.511:WARNING:dns_config_service_win.cc(668)] Failed to read DnsConfig.
[1115/091738.521:WARNING:dns_config_service_win.cc(668)] Failed to read DnsConfig.
[1115/091743.532:WARNING:dns_config_service_win.cc(668)] Failed to read DnsConfig.
[1115/091748.553:WARNING:dns_config_service_win.cc(668)] Failed to read DnsConfig.
[1115/091753.567:WARNING:dns_config_service_win.cc(668)] Failed to read DnsConfig.
[1115/091758.583:WARNING:dns_config_service_win.cc(668)] Failed to read DnsConfig.
[1115/091803.607:WARNING:dns_config_service_win.cc(668)] Failed to read DnsConfig.
[1115/091808.620:WARNING:dns_config_service_win.cc(668)] Failed to read DnsConfig.
[1115/091813.639:WARNING:dns_config_service_win.cc(668)] Failed to read DnsConfig.
[1115/091818.653:WARNING:dns_config_service_win.cc(668)] Failed to read DnsConfig.
[1115/091823.663:WARNING:dns_config_service_win.cc(668)] Failed to read DnsConfig.
[1115/091828.680:WARNING:dns_config_service_win.cc(668)] Failed to read DnsConfig.
[1115/091833.691:WARNING:dns_config_service_win.cc(668)] Failed to read DnsConfig.
[1115/091838.716:WARNING:dns_config_service_win.cc(668)] Failed to read DnsConfig.
[1115/091843.740:WARNING:dns_config_service_win.cc(668)] Failed to read DnsConfig.
[1115/091848.755:WARNING:dns_config_service_win.cc(668)] Failed to read DnsConfig.
[1115/091853.772:WARNING:dns_config_service_win.cc(668)] Failed to read DnsConfig.
[1115/091858.791:WARNING:dns_config_service_win.cc(668)] Failed to read DnsConfig.
[1115/091903.809:WARNING:dns_config_service_win.cc(668)] Failed to read DnsConfig.
[1115/091908.819:WARNING:dns_config_service_win.cc(668)] Failed to read DnsConfig.
[1115/091913.833:WARNING:dns_config_service_win.cc(668)] Failed to read DnsConfig.
[1115/091918.851:WARNING:dns_config_service_win.cc(668)] Failed to read DnsConfig.
[1115/091923.868:WARNING:dns_config_service_win.cc(668)] Failed to read DnsConfig.
[1115/091928.888:WARNING:dns_config_service_win.cc(668)] Failed to read DnsConfig.
[1115/091933.898:WARNING:dns_config_service_win.cc(668)] Failed to read DnsConfig.
[1115/091938.912:WARNING:dns_config_service_win.cc(668)] Failed to read DnsConfig.
[1115/091943.926:WARNING:dns_config_service_win.cc(668)] Failed to read DnsConfig.
[1115/091948.945:WARNING:dns_config_service_win.cc(668)] Failed to read DnsConfig.
[1115/091953.964:WARNING:dns_config_service_win.cc(668)] Failed to read DnsConfig.
[1115/091958.977:WARNING:dns_config_service_win.cc(668)] Failed to read DnsConfig.
[1115/092003.980:WARNING:dns_config_service_win.cc(668)] Failed to read DnsConfig.
[1115/092003.994:WARNING:dns_config_service_win.cc(668)] Failed to read DnsConfig.
[0105/153523.468:INFO:CONSOLE(1)] "Long rAF frame-time", source: file:///C:/Program%20Files/Adobe/Adobe%20Photoshop%202020/Required/www-rich-tooltips/build/external.js (1)
[0105/153523.590:ERROR:mf_helpers.cc(14)] Error in dxva_video_decode_accelerator_win.cc on line 1612
[0105/153523.590:ERROR:mf_helpers.cc(14)] Error in dxva_video_decode_accelerator_win.cc on line 842
[0105/160542.750:ERROR:browser_gpu_channel_host_factory.cc(139)] Failed to launch GPU process.
[0106/141139.880:WARNING:dns_config_service_win.cc(668)] Failed to read DnsConfig.
[0106/141144.910:WARNING:dns_config_service_win.cc(668)] Failed to read DnsConfig.
[0106/141149.922:WARNING:dns_config_service_win.cc(668)] Failed to read DnsConfig.
[0106/141154.932:WARNING:dns_config_service_win.cc(668)] Failed to read DnsConfig.
[0106/141159.943:WARNING:dns_config_service_win.cc(668)] Failed to read DnsConfig.
[0106/141204.954:WARNING:dns_config_service_win.cc(668)] Failed to read DnsConfig.
[0106/141209.964:WARNING:dns_config_service_win.cc(668)] Failed to read DnsConfig.
[0106/141214.975:WARNING:dns_config_service_win.cc(668)] Failed to read DnsConfig.
[0106/141219.985:WARNING:dns_config_service_win.cc(668)] Failed to read DnsConfig.
[0106/141224.994:WARNING:dns_config_service_win.cc(668)] Failed to read DnsConfig.
[0106/141230.003:WARNING:dns_config_service_win.cc(668)] Failed to read DnsConfig.
[0106/141235.016:WARNING:dns_config_service_win.cc(668)] Failed to read DnsConfig.
[0106/141240.026:WARNING:dns_config_service_win.cc(668)] Failed to read DnsConfig.
[0106/141245.039:WARNING:dns_config_service_win.cc(668)] Failed to read DnsConfig.
[0106/141250.044:WARNING:dns_config_service_win.cc(668)] Failed to read DnsConfig.
[0106/141255.048:WARNING:dns_config_service_win.cc(668)] Failed to read DnsConfig.
[0106/141300.055:WARNING:dns_config_service_win.cc(668)] Failed to read DnsConfig.
[0106/141305.065:WARNING:dns_config_service_win.cc(668)] Failed to read DnsConfig.
[0106/141310.069:WARNING:dns_config_service_win.cc(668)] Failed to read DnsConfig.
[0106/141315.073:WARNING:dns_config_service_win.cc(668)] Failed to read DnsConfig.
[0106/141320.084:WARNING:dns_config_service_win.cc(668)] Failed to read DnsConfig.
[0106/141325.096:WARNING:dns_config_service_win.cc(668)] Failed to read DnsConfig.
[0106/141330.107:WARNING:dns_config_service_win.cc(668)] Failed to read DnsConfig.
[0106/141335.117:WARNING:dns_config_service_win.cc(668)] Failed to read DnsConfig.
[0106/141340.128:WARNING:dns_config_service_win.cc(668)] Failed to read DnsConfig.
[0106/141345.138:WARNING:dns_config_service_win.cc(668)] Failed to read DnsConfig.
[0106/141350.149:WARNING:dns_config_service_win.cc(668)] Failed to read DnsConfig.
[0106/141355.159:WARNING:dns_config_service_win.cc(668)] Failed to read DnsConfig.
[0106/141400.169:WARNING:dns_config_service_win.cc(668)] Failed to read DnsConfig.
[0106/141405.179:WARNING:dns_config_service_win.cc(668)] Failed to read DnsConfig.
[0106/141410.191:WARNING:dns_config_service_win.cc(668)] Failed to read DnsConfig.
[0106/141415.201:WARNING:dns_config_service_win.cc(668)] Failed to read DnsConfig.
[0106/141420.207:WARNING:dns_config_service_win.cc(668)] Failed to read DnsConfig.
[0106/141425.210:WARNING:dns_config_service_win.cc(668)] Failed to read DnsConfig.
[0106/141430.222:WARNING:dns_config_service_win.cc(668)] Failed to read DnsConfig.
[0106/141435.234:WARNING:dns_config_service_win.cc(668)] Failed to read DnsConfig.
[0106/141440.245:WARNING:dns_config_service_win.cc(668)] Failed to read DnsConfig.
[0106/141445.257:WARNING:dns_config_service_win.cc(668)] Failed to read DnsConfig.
[0106/141450.366:WARNING:dns_config_service_win.cc(668)] Failed to read DnsConfig.
[0106/141455.377:WARNING:dns_config_service_win.cc(668)] Failed to read DnsConfig.
[0106/141500.382:WARNING:dns_config_service_win.cc(668)] Failed to read DnsConfig.
[0106/141505.393:WARNING:dns_config_service_win.cc(668)] Failed to read DnsConfig.
[0106/141510.404:WARNING:dns_config_service_win.cc(668)] Failed to read DnsConfig.
[0106/141515.408:WARNING:dns_config_service_win.cc(668)] Failed to read DnsConfig.
[0106/141520.411:WARNING:dns_config_service_win.cc(668)] Failed to read DnsConfig.
[0106/141525.414:WARNING:dns_config_service_win.cc(668)] Failed to read DnsConfig.
[0106/141530.425:WARNING:dns_config_service_win.cc(668)] Failed to read DnsConfig.
[0106/141535.428:WARNING:dns_config_service_win.cc(668)] Failed to read DnsConfig.
[0106/141540.439:WARNING:dns_config_service_win.cc(668)] Failed to read DnsConfig.
[0106/141545.449:WARNING:dns_config_service_win.cc(668)] Failed to read DnsConfig.
[0106/141550.460:WARNING:dns_config_service_win.cc(668)] Failed to read DnsConfig.
[0106/141555.471:WARNING:dns_config_service_win.cc(668)] Failed to read DnsConfig.
[0106/141600.482:WARNING:dns_config_service_win.cc(668)] Failed to read DnsConfig.
[0106/141605.491:WARNING:dns_config_service_win.cc(668)] Failed to read DnsConfig.
[0106/141610.499:WARNING:dns_config_service_win.cc(668)] Failed to read DnsConfig.
[0106/141615.502:WARNING:dns_config_service_win.cc(668)] Failed to read DnsConfig.
[0106/141620.512:WARNING:dns_config_service_win.cc(668)] Failed to read DnsConfig.
[0106/141625.523:WARNING:dns_config_service_win.cc(668)] Failed to read DnsConfig.
[0106/141630.527:WARNING:dns_config_service_win.cc(668)] Failed to read DnsConfig.
[0106/141635.532:WARNING:dns_config_service_win.cc(668)] Failed to read DnsConfig.
[0106/141640.542:WARNING:dns_config_service_win.cc(668)] Failed to read DnsConfig.
[0106/141645.555:WARNING:dns_config_service_win.cc(668)] Failed to read DnsConfig.
[0106/141650.566:WARNING:dns_config_service_win.cc(668)] Failed to read DnsConfig.
[0106/141655.576:WARNING:dns_config_service_win.cc(668)] Failed to read DnsConfig.
[0106/141700.584:WARNING:dns_config_service_win.cc(668)] Failed to read DnsConfig.
[0106/141705.594:WARNING:dns_config_service_win.cc(668)] Failed to read DnsConfig.
[0106/141710.598:WARNING:dns_config_service_win.cc(668)] Failed to read DnsConfig.
[0106/141715.609:WARNING:dns_config_service_win.cc(668)] Failed to read DnsConfig.
[0106/141720.611:WARNING:dns_config_service_win.cc(668)] Failed to read DnsConfig.
[0106/141725.622:WARNING:dns_config_service_win.cc(668)] Failed to read DnsConfig.
[0106/141730.634:WARNING:dns_config_service_win.cc(668)] Failed to read DnsConfig.
[0106/141735.643:WARNING:dns_config_service_win.cc(668)] Failed to read DnsConfig.
[0106/141740.653:WARNING:dns_config_service_win.cc(668)] Failed to read DnsConfig.
[0106/141745.661:WARNING:dns_config_service_win.cc(668)] Failed to read DnsConfig.
[0106/141750.671:WARNING:dns_config_service_win.cc(668)] Failed to read DnsConfig.
[0106/141755.682:WARNING:dns_config_service_win.cc(668)] Failed to read DnsConfig.
[0106/141800.686:WARNING:dns_config_service_win.cc(668)] Failed to read DnsConfig.
[0106/141805.697:WARNING:dns_config_service_win.cc(668)] Failed to read DnsConfig.
[0106/141810.706:WARNING:dns_config_service_win.cc(668)] Failed to read DnsConfig.
[0106/141815.715:WARNING:dns_config_service_win.cc(668)] Failed to read DnsConfig.
[0106/141820.725:WARNING:dns_config_service_win.cc(668)] Failed to read DnsConfig.
[0106/141825.735:WARNING:dns_config_service_win.cc(668)] Failed to read DnsConfig.
[0106/141830.746:WARNING:dns_config_service_win.cc(668)] Failed to read DnsConfig.
[0106/141835.749:WARNING:dns_config_service_win.cc(668)] Failed to read DnsConfig.
[0106/141840.752:WARNING:dns_config_service_win.cc(668)] Failed to read DnsConfig.
[0106/141845.763:WARNING:dns_config_service_win.cc(668)] Failed to read DnsConfig.
[0106/141850.772:WARNING:dns_config_service_win.cc(668)] Failed to read DnsConfig.
[0106/141855.888:WARNING:dns_config_service_win.cc(668)] Failed to read DnsConfig.
[0106/141900.898:WARNING:dns_config_service_win.cc(668)] Failed to read DnsConfig.
[0106/141905.908:WARNING:dns_config_service_win.cc(668)] Failed to read DnsConfig.
[0106/141910.913:WARNING:dns_config_service_win.cc(668)] Failed to read DnsConfig.
[0106/141915.923:WARNING:dns_config_service_win.cc(668)] Failed to read DnsConfig.
[0106/141920.933:WARNING:dns_config_service_win.cc(668)] Failed to read DnsConfig.
[0106/141925.944:WARNING:dns_config_service_win.cc(668)] Failed to read DnsConfig.
[0106/141930.948:WARNING:dns_config_service_win.cc(668)] Failed to read DnsConfig.
[0106/141935.958:WARNING:dns_config_service_win.cc(668)] Failed to read DnsConfig.
[0106/141940.961:WARNING:dns_config_service_win.cc(668)] Failed to read DnsConfig.
[0106/141945.964:WARNING:dns_config_service_win.cc(668)] Failed to read DnsConfig.
[0106/141950.969:WARNING:dns_config_service_win.cc(668)] Failed to read DnsConfig.
[0106/141955.979:WARNING:dns_config_service_win.cc(668)] Failed to read DnsConfig.
[0106/142000.985:WARNING:dns_config_service_win.cc(668)] Failed to read DnsConfig.
[0106/142005.995:WARNING:dns_config_service_win.cc(668)] Failed to read DnsConfig.
[0106/142011.005:WARNING:dns_config_service_win.cc(668)] Failed to read DnsConfig.
[0106/142016.015:WARNING:dns_config_service_win.cc(668)] Failed to read DnsConfig.
[0106/142021.025:WARNING:dns_config_service_win.cc(668)] Failed to read DnsConfig.
[0106/142026.036:WARNING:dns_config_service_win.cc(668)] Failed to read DnsConfig.
[0106/142031.047:WARNING:dns_config_service_win.cc(668)] Failed to read DnsConfig.
[0106/142036.051:WARNING:dns_config_service_win.cc(668)] Failed to read DnsConfig.
[0106/142041.054:WARNING:dns_config_service_win.cc(668)] Failed to read DnsConfig.
[0119/080551.872:WARNING:dns_config_service_win.cc(668)] Failed to read DnsConfig.
[0119/095851.490:WARNING:dns_config_service_win.cc(668)] Failed to read DnsConfig.
[0119/095856.512:WARNING:dns_config_service_win.cc(668)] Failed to read DnsConfig.
[0119/095901.537:WARNING:dns_config_service_win.cc(668)] Failed to read DnsConfig.
[0119/095906.560:WARNING:dns_config_service_win.cc(668)] Failed to read DnsConfig.
[0119/095911.584:WARNING:dns_config_service_win.cc(668)] Failed to read DnsConfig.
[0119/095916.598:WARNING:dns_config_service_win.cc(668)] Failed to read DnsConfig.
[0119/095921.621:WARNING:dns_config_service_win.cc(668)] Failed to read DnsConfig.
[0119/095926.631:WARNING:dns_config_service_win.cc(668)] Failed to read DnsConfig.
[0119/095931.658:WARNING:dns_config_service_win.cc(668)] Failed to read DnsConfig.
[0119/095936.673:WARNING:dns_config_service_win.cc(668)] Failed to read DnsConfig.
[0119/095941.690:WARNING:dns_config_service_win.cc(668)] Failed to read DnsConfig.
[0119/095946.707:WARNING:dns_config_service_win.cc(668)] Failed to read DnsConfig.
[0119/095951.726:WARNING:dns_config_service_win.cc(668)] Failed to read DnsConfig.
[0119/095956.746:WARNING:dns_config_service_win.cc(668)] Failed to read DnsConfig.
[0119/100001.765:WARNING:dns_config_service_win.cc(668)] Failed to read DnsConfig.
[0119/100006.779:WARNING:dns_config_service_win.cc(668)] Failed to read DnsConfig.
[0119/100011.790:WARNING:dns_config_service_win.cc(668)] Failed to read DnsConfig.
[0119/100016.815:WARNING:dns_config_service_win.cc(668)] Failed to read DnsConfig.
[0119/100021.827:WARNING:dns_config_service_win.cc(668)] Failed to read DnsConfig.
[0119/100026.845:WARNING:dns_config_service_win.cc(668)] Failed to read DnsConfig.
[0119/100031.862:WARNING:dns_config_service_win.cc(668)] Failed to read DnsConfig.
[0119/100036.871:WARNING:dns_config_service_win.cc(668)] Failed to read DnsConfig.
[0119/100041.896:WARNING:dns_config_service_win.cc(668)] Failed to read DnsConfig.
[0119/100046.912:WARNING:dns_config_service_win.cc(668)] Failed to read DnsConfig.
[0119/100051.936:WARNING:dns_config_service_win.cc(668)] Failed to read DnsConfig.
[0119/100056.951:WARNING:dns_config_service_win.cc(668)] Failed to read DnsConfig.
[0119/100101.976:WARNING:dns_config_service_win.cc(668)] Failed to read DnsConfig.
[0119/100107.089:WARNING:dns_config_service_win.cc(668)] Failed to read DnsConfig.
[0119/100112.104:WARNING:dns_config_service_win.cc(668)] Failed to read DnsConfig.
[0119/100117.128:WARNING:dns_config_service_win.cc(668)] Failed to read DnsConfig.
[0119/100122.152:WARNING:dns_config_service_win.cc(668)] Failed to read DnsConfig.
[0119/100127.174:WARNING:dns_config_service_win.cc(668)] Failed to read DnsConfig.
[0119/100132.184:WARNING:dns_config_service_win.cc(668)] Failed to read DnsConfig.
[0119/100137.198:WARNING:dns_config_service_win.cc(668)] Failed to read DnsConfig.
[0119/100142.221:WARNING:dns_config_service_win.cc(668)] Failed to read DnsConfig.
[0119/100147.236:WARNING:dns_config_service_win.cc(668)] Failed to read DnsConfig.
[0119/100152.246:WARNING:dns_config_service_win.cc(668)] Failed to read DnsConfig.
[0119/100157.255:WARNING:dns_config_service_win.cc(668)] Failed to read DnsConfig.
[0119/100202.276:WARNING:dns_config_service_win.cc(668)] Failed to read DnsConfig.
[0119/100207.294:WARNING:dns_config_service_win.cc(668)] Failed to read DnsConfig.
[0119/100212.302:WARNING:dns_config_service_win.cc(668)] Failed to read DnsConfig.
[0119/100257.471:WARNING:dns_config_service_win.cc(668)] Failed to read DnsConfig.
[0119/100257.651:WARNING:dns_config_service_win.cc(668)] Failed to read DnsConfig.
[0119/100302.498:WARNING:dns_config_service_win.cc(668)] Failed to read DnsConfig.
[0119/100302.670:WARNING:dns_config_service_win.cc(668)] Failed to read DnsConfig.
[0119/100307.506:WARNING:dns_config_service_win.cc(668)] Failed to read DnsConfig.
[0119/100307.684:WARNING:dns_config_service_win.cc(668)] Failed to read DnsConfig.
[0119/100312.521:WARNING:dns_config_service_win.cc(668)] Failed to read DnsConfig.
[0119/100312.710:WARNING:dns_config_service_win.cc(668)] Failed to read DnsConfig.
[0119/100317.546:WARNING:dns_config_service_win.cc(668)] Failed to read DnsConfig.
[0119/100317.733:WARNING:dns_config_service_win.cc(668)] Failed to read DnsConfig.
[0119/100322.561:WARNING:dns_config_service_win.cc(668)] Failed to read DnsConfig.
[0119/100322.747:WARNING:dns_config_service_win.cc(668)] Failed to read DnsConfig.
[0119/100327.576:WARNING:dns_config_service_win.cc(668)] Failed to read DnsConfig.
[0119/100327.765:WARNING:dns_config_service_win.cc(668)] Failed to read DnsConfig.
[0119/100332.588:WARNING:dns_config_service_win.cc(668)] Failed to read DnsConfig.
[0119/100332.784:WARNING:dns_config_service_win.cc(668)] Failed to read DnsConfig.
[0119/100337.609:WARNING:dns_config_service_win.cc(668)] Failed to read DnsConfig.
[0119/100337.799:WARNING:dns_config_service_win.cc(668)] Failed to read DnsConfig.
[0119/100342.632:WARNING:dns_config_service_win.cc(668)] Failed to read DnsConfig.
[0119/100342.821:WARNING:dns_config_service_win.cc(668)] Failed to read DnsConfig.
[0119/100347.650:WARNING:dns_config_service_win.cc(668)] Failed to read DnsConfig.
[0119/100347.840:WARNING:dns_config_service_win.cc(668)] Failed to read DnsConfig.
[0119/100352.665:WARNING:dns_config_service_win.cc(668)] Failed to read DnsConfig.
[0119/100352.868:WARNING:dns_config_service_win.cc(668)] Failed to read DnsConfig.
[0119/100357.676:WARNING:dns_config_service_win.cc(668)] Failed to read DnsConfig.
[0119/100357.881:WARNING:dns_config_service_win.cc(668)] Failed to read DnsConfig.
[0119/100402.700:WARNING:dns_config_service_win.cc(668)] Failed to read DnsConfig.
[0119/100402.902:WARNING:dns_config_service_win.cc(668)] Failed to read DnsConfig.
[0119/100407.717:WARNING:dns_config_service_win.cc(668)] Failed to read DnsConfig.
[0119/100407.921:WARNING:dns_config_service_win.cc(668)] Failed to read DnsConfig.
[0119/100412.734:WARNING:dns_config_service_win.cc(668)] Failed to read DnsConfig.
[0119/100412.936:WARNING:dns_config_service_win.cc(668)] Failed to read DnsConfig.
[0119/100417.750:WARNING:dns_config_service_win.cc(668)] Failed to read DnsConfig.
[0119/100417.958:WARNING:dns_config_service_win.cc(668)] Failed to read DnsConfig.
[0119/100422.770:WARNING:dns_config_service_win.cc(668)] Failed to read DnsConfig.
[0119/100422.968:WARNING:dns_config_service_win.cc(668)] Failed to read DnsConfig.
[0119/100427.794:WARNING:dns_config_service_win.cc(668)] Failed to read DnsConfig.
[0119/100427.978:WARNING:dns_config_service_win.cc(668)] Failed to read DnsConfig.
[0119/100432.823:WARNING:dns_config_service_win.cc(668)] Failed to read DnsConfig.
[0119/100432.994:WARNING:dns_config_service_win.cc(668)] Failed to read DnsConfig.
[0119/100437.837:WARNING:dns_config_service_win.cc(668)] Failed to read DnsConfig.
[0119/100438.005:WARNING:dns_config_service_win.cc(668)] Failed to read DnsConfig.
[0119/100442.860:WARNING:dns_config_service_win.cc(668)] Failed to read DnsConfig.
[0119/100443.030:WARNING:dns_config_service_win.cc(668)] Failed to read DnsConfig.
[0119/100447.874:WARNING:dns_config_service_win.cc(668)] Failed to read DnsConfig.
[0119/100448.043:WARNING:dns_config_service_win.cc(668)] Failed to read DnsConfig.
[0119/100452.887:WARNING:dns_config_service_win.cc(668)] Failed to read DnsConfig.
[0119/100453.056:WARNING:dns_config_service_win.cc(668)] Failed to read DnsConfig.
[0119/100457.910:WARNING:dns_config_service_win.cc(668)] Failed to read DnsConfig.
[0119/100458.067:WARNING:dns_config_service_win.cc(668)] Failed to read DnsConfig.
[0119/100502.926:WARNING:dns_config_service_win.cc(668)] Failed to read DnsConfig.
[0119/100503.080:WARNING:dns_config_service_win.cc(668)] Failed to read DnsConfig.
[0119/100507.951:WARNING:dns_config_service_win.cc(668)] Failed to read DnsConfig.
[0119/100508.104:WARNING:dns_config_service_win.cc(668)] Failed to read DnsConfig.
[0119/100512.964:WARNING:dns_config_service_win.cc(668)] Failed to read DnsConfig.
[0119/100513.121:WARNING:dns_config_service_win.cc(668)] Failed to read DnsConfig.
[0119/100517.980:WARNING:dns_config_service_win.cc(668)] Failed to read DnsConfig.
[0119/100518.134:WARNING:dns_config_service_win.cc(668)] Failed to read DnsConfig.
[0119/100522.994:WARNING:dns_config_service_win.cc(668)] Failed to read DnsConfig.
[0119/100523.154:WARNING:dns_config_service_win.cc(668)] Failed to read DnsConfig.
[0119/100528.008:WARNING:dns_config_service_win.cc(668)] Failed to read DnsConfig.
[0119/100528.179:WARNING:dns_config_service_win.cc(668)] Failed to read DnsConfig.
[0119/100533.032:WARNING:dns_config_service_win.cc(668)] Failed to read DnsConfig.
[0119/100533.201:WARNING:dns_config_service_win.cc(668)] Failed to read DnsConfig.
[0119/100538.052:WARNING:dns_config_service_win.cc(668)] Failed to read DnsConfig.
[0119/100538.222:WARNING:dns_config_service_win.cc(668)] Failed to read DnsConfig.
[0119/100543.072:WARNING:dns_config_service_win.cc(668)] Failed to read DnsConfig.
[0119/100543.245:WARNING:dns_config_service_win.cc(668)] Failed to read DnsConfig.
[0119/100548.096:WARNING:dns_config_service_win.cc(668)] Failed to read DnsConfig.
[0119/100548.267:WARNING:dns_config_service_win.cc(668)] Failed to read DnsConfig.
[0119/100553.106:WARNING:dns_config_service_win.cc(668)] Failed to read DnsConfig.
[0119/100553.282:WARNING:dns_config_service_win.cc(668)] Failed to read DnsConfig.
[0119/100558.119:WARNING:dns_config_service_win.cc(668)] Failed to read DnsConfig.
[0119/100558.305:WARNING:dns_config_service_win.cc(668)] Failed to read DnsConfig.
[0119/100603.140:WARNING:dns_config_service_win.cc(668)] Failed to read DnsConfig.
[0119/100603.323:WARNING:dns_config_service_win.cc(668)] Failed to read DnsConfig.
[0119/100608.153:WARNING:dns_config_service_win.cc(668)] Failed to read DnsConfig.
[0119/100608.338:WARNING:dns_config_service_win.cc(668)] Failed to read DnsConfig.
[0119/100613.181:WARNING:dns_config_service_win.cc(668)] Failed to read DnsConfig.
[0119/100613.351:WARNING:dns_config_service_win.cc(668)] Failed to read DnsConfig.
[0119/100618.202:WARNING:dns_config_service_win.cc(668)] Failed to read DnsConfig.
[0119/100618.372:WARNING:dns_config_service_win.cc(668)] Failed to read DnsConfig.
[0119/100623.218:WARNING:dns_config_service_win.cc(668)] Failed to read DnsConfig.
[0119/100623.387:WARNING:dns_config_service_win.cc(668)] Failed to read DnsConfig.
[0119/100628.245:WARNING:dns_config_service_win.cc(668)] Failed to read DnsConfig.
[0119/100628.412:WARNING:dns_config_service_win.cc(668)] Failed to read DnsConfig.
[0119/100633.268:WARNING:dns_config_service_win.cc(668)] Failed to read DnsConfig.
[0119/100633.425:WARNING:dns_config_service_win.cc(668)] Failed to read DnsConfig.
[0119/100638.295:WARNING:dns_config_service_win.cc(668)] Failed to read DnsConfig.
[0119/100638.448:WARNING:dns_config_service_win.cc(668)] Failed to read DnsConfig.
[0119/100643.314:WARNING:dns_config_service_win.cc(668)] Failed to read DnsConfig.
[0119/100643.460:WARNING:dns_config_service_win.cc(668)] Failed to read DnsConfig.
[0119/100648.325:WARNING:dns_config_service_win.cc(668)] Failed to read DnsConfig.
[0119/100648.483:WARNING:dns_config_service_win.cc(668)] Failed to read DnsConfig.
[0119/100653.336:WARNING:dns_config_service_win.cc(668)] Failed to read DnsConfig.
[0119/100653.506:WARNING:dns_config_service_win.cc(668)] Failed to read DnsConfig.
[0119/100658.354:WARNING:dns_config_service_win.cc(668)] Failed to read DnsConfig.
[0119/100658.527:WARNING:dns_config_service_win.cc(668)] Failed to read DnsConfig.
[0119/100703.364:WARNING:dns_config_service_win.cc(668)] Failed to read DnsConfig.
[0119/100703.543:WARNING:dns_config_service_win.cc(668)] Failed to read DnsConfig.
[0119/100708.381:WARNING:dns_config_service_win.cc(668)] Failed to read DnsConfig.
[0119/100708.558:WARNING:dns_config_service_win.cc(668)] Failed to read DnsConfig.
[0119/100713.396:WARNING:dns_config_service_win.cc(668)] Failed to read DnsConfig.
[0119/100713.570:WARNING:dns_config_service_win.cc(668)] Failed to read DnsConfig.
[0119/100718.412:WARNING:dns_config_service_win.cc(668)] Failed to read DnsConfig.
[0119/100718.586:WARNING:dns_config_service_win.cc(668)] Failed to read DnsConfig.
[0119/100723.436:WARNING:dns_config_service_win.cc(668)] Failed to read DnsConfig.
[0119/100723.608:WARNING:dns_config_service_win.cc(668)] Failed to read DnsConfig.
[0119/100728.456:WARNING:dns_config_service_win.cc(668)] Failed to read DnsConfig.
[0119/100728.629:WARNING:dns_config_service_win.cc(668)] Failed to read DnsConfig.
[0119/100733.468:WARNING:dns_config_service_win.cc(668)] Failed to read DnsConfig.
[0119/100733.641:WARNING:dns_config_service_win.cc(668)] Failed to read DnsConfig.
[0119/100738.490:WARNING:dns_config_service_win.cc(668)] Failed to read DnsConfig.
[0119/100738.663:WARNING:dns_config_service_win.cc(668)] Failed to read DnsConfig.
[0119/100743.503:WARNING:dns_config_service_win.cc(668)] Failed to read DnsConfig.
[0119/100743.676:WARNING:dns_config_service_win.cc(668)] Failed to read DnsConfig.
[0119/100748.515:WARNING:dns_config_service_win.cc(668)] Failed to read DnsConfig.
[0119/100748.687:WARNING:dns_config_service_win.cc(668)] Failed to read DnsConfig.
[0119/100753.539:WARNING:dns_config_service_win.cc(668)] Failed to read DnsConfig.
[0119/100753.712:WARNING:dns_config_service_win.cc(668)] Failed to read DnsConfig.
[0119/100758.553:WARNING:dns_config_service_win.cc(668)] Failed to read DnsConfig.
[0119/100758.726:WARNING:dns_config_service_win.cc(668)] Failed to read DnsConfig.
[0119/100803.568:WARNING:dns_config_service_win.cc(668)] Failed to read DnsConfig.
[0119/100803.740:WARNING:dns_config_service_win.cc(668)] Failed to read DnsConfig.
[0119/100808.590:WARNING:dns_config_service_win.cc(668)] Failed to read DnsConfig.
[0119/100808.762:WARNING:dns_config_service_win.cc(668)] Failed to read DnsConfig.
[0119/100813.604:WARNING:dns_config_service_win.cc(668)] Failed to read DnsConfig.
[0119/100813.776:WARNING:dns_config_service_win.cc(668)] Failed to read DnsConfig.
[0119/100818.621:WARNING:dns_config_service_win.cc(668)] Failed to read DnsConfig.
[0119/100818.795:WARNING:dns_config_service_win.cc(668)] Failed to read DnsConfig.
[0119/100823.636:WARNING:dns_config_service_win.cc(668)] Failed to read DnsConfig.
[0119/100823.807:WARNING:dns_config_service_win.cc(668)] Failed to read DnsConfig.
[0119/100828.653:WARNING:dns_config_service_win.cc(668)] Failed to read DnsConfig.
[0119/100828.825:WARNING:dns_config_service_win.cc(668)] Failed to read DnsConfig.
[0119/100833.666:WARNING:dns_config_service_win.cc(668)] Failed to read DnsConfig.
[0119/100833.838:WARNING:dns_config_service_win.cc(668)] Failed to read DnsConfig.
[0119/100838.675:WARNING:dns_config_service_win.cc(668)] Failed to read DnsConfig.
[0119/100838.849:WARNING:dns_config_service_win.cc(668)] Failed to read DnsConfig.
[0119/100843.689:WARNING:dns_config_service_win.cc(668)] Failed to read DnsConfig.
[0119/100843.859:WARNING:dns_config_service_win.cc(668)] Failed to read DnsConfig.
[0119/100848.699:WARNING:dns_config_service_win.cc(668)] Failed to read DnsConfig.
[0119/100848.872:WARNING:dns_config_service_win.cc(668)] Failed to read DnsConfig.
[0119/100853.722:WARNING:dns_config_service_win.cc(668)] Failed to read DnsConfig.
[0119/100853.896:WARNING:dns_config_service_win.cc(668)] Failed to read DnsConfig.
[0119/100858.738:WARNING:dns_config_service_win.cc(668)] Failed to read DnsConfig.
[0119/100858.910:WARNING:dns_config_service_win.cc(668)] Failed to read DnsConfig.
[0119/100903.755:WARNING:dns_config_service_win.cc(668)] Failed to read DnsConfig.
[0119/100903.927:WARNING:dns_config_service_win.cc(668)] Failed to read DnsConfig.
[0119/100908.776:WARNING:dns_config_service_win.cc(668)] Failed to read DnsConfig.
[0119/100908.948:WARNING:dns_config_service_win.cc(668)] Failed to read DnsConfig.
[0119/100913.800:WARNING:dns_config_service_win.cc(668)] Failed to read DnsConfig.
[0119/100913.971:WARNING:dns_config_service_win.cc(668)] Failed to read DnsConfig.
[0119/100918.818:WARNING:dns_config_service_win.cc(668)] Failed to read DnsConfig.
[0119/100918.990:WARNING:dns_config_service_win.cc(668)] Failed to read DnsConfig.
[0119/100923.828:WARNING:dns_config_service_win.cc(668)] Failed to read DnsConfig.
[0119/100924.000:WARNING:dns_config_service_win.cc(668)] Failed to read DnsConfig.
[0119/100928.841:WARNING:dns_config_service_win.cc(668)] Failed to read DnsConfig.
[0119/100929.013:WARNING:dns_config_service_win.cc(668)] Failed to read DnsConfig.
[0119/100933.858:WARNING:dns_config_service_win.cc(668)] Failed to read DnsConfig.
[0119/100934.031:WARNING:dns_config_service_win.cc(668)] Failed to read DnsConfig.
[0119/100938.871:WARNING:dns_config_service_win.cc(668)] Failed to read DnsConfig.
[0119/100939.044:WARNING:dns_config_service_win.cc(668)] Failed to read DnsConfig.
[0119/100943.886:WARNING:dns_config_service_win.cc(668)] Failed to read DnsConfig.
[0119/100944.057:WARNING:dns_config_service_win.cc(668)] Failed to read DnsConfig.
[0119/100948.907:WARNING:dns_config_service_win.cc(668)] Failed to read DnsConfig.
[0119/100949.081:WARNING:dns_config_service_win.cc(668)] Failed to read DnsConfig.
[0119/100953.917:WARNING:dns_config_service_win.cc(668)] Failed to read DnsConfig.
[0119/100954.104:WARNING:dns_config_service_win.cc(668)] Failed to read DnsConfig.
[0119/100958.930:WARNING:dns_config_service_win.cc(668)] Failed to read DnsConfig.
[0119/100959.123:WARNING:dns_config_service_win.cc(668)] Failed to read DnsConfig.
[0119/101003.950:WARNING:dns_config_service_win.cc(668)] Failed to read DnsConfig.
[0119/101004.137:WARNING:dns_config_service_win.cc(668)] Failed to read DnsConfig.
[0119/101008.968:WARNING:dns_config_service_win.cc(668)] Failed to read DnsConfig.
[0119/101009.157:WARNING:dns_config_service_win.cc(668)] Failed to read DnsConfig.
[0119/101013.990:WARNING:dns_config_service_win.cc(668)] Failed to read DnsConfig.
[0119/101014.179:WARNING:dns_config_service_win.cc(668)] Failed to read DnsConfig.
[0119/101019.006:WARNING:dns_config_service_win.cc(668)] Failed to read DnsConfig.
[0119/101019.195:WARNING:dns_config_service_win.cc(668)] Failed to read DnsConfig.
[0119/101024.026:WARNING:dns_config_service_win.cc(668)] Failed to read DnsConfig.
[0119/101024.213:WARNING:dns_config_service_win.cc(668)] Failed to read DnsConfig.
[0119/101029.039:WARNING:dns_config_service_win.cc(668)] Failed to read DnsConfig.
[0119/101029.225:WARNING:dns_config_service_win.cc(668)] Failed to read DnsConfig.
[0119/101034.062:WARNING:dns_config_service_win.cc(668)] Failed to read DnsConfig.
[0119/101034.249:WARNING:dns_config_service_win.cc(668)] Failed to read DnsConfig.
[0119/101039.075:WARNING:dns_config_service_win.cc(668)] Failed to read DnsConfig.
[0119/101039.261:WARNING:dns_config_service_win.cc(668)] Failed to read DnsConfig.
[0119/101044.095:WARNING:dns_config_service_win.cc(668)] Failed to read DnsConfig.
[0119/101044.283:WARNING:dns_config_service_win.cc(668)] Failed to read DnsConfig.
[0119/101049.103:WARNING:dns_config_service_win.cc(668)] Failed to read DnsConfig.
[0119/101049.297:WARNING:dns_config_service_win.cc(668)] Failed to read DnsConfig.
[0119/101054.118:WARNING:dns_config_service_win.cc(668)] Failed to read DnsConfig.
[0119/101054.307:WARNING:dns_config_service_win.cc(668)] Failed to read DnsConfig.
[0119/101059.135:WARNING:dns_config_service_win.cc(668)] Failed to read DnsConfig.
[0119/101059.317:WARNING:dns_config_service_win.cc(668)] Failed to read DnsConfig.
[0119/101104.152:WARNING:dns_config_service_win.cc(668)] Failed to read DnsConfig.
[0119/101104.340:WARNING:dns_config_service_win.cc(668)] Failed to read DnsConfig.
[0119/101109.168:WARNING:dns_config_service_win.cc(668)] Failed to read DnsConfig.
[0119/101109.357:WARNING:dns_config_service_win.cc(668)] Failed to read DnsConfig.
[0119/101114.186:WARNING:dns_config_service_win.cc(668)] Failed to read DnsConfig.
[0119/101114.373:WARNING:dns_config_service_win.cc(668)] Failed to read DnsConfig.
[0119/101119.197:WARNING:dns_config_service_win.cc(668)] Failed to read DnsConfig.
[0119/101119.400:WARNING:dns_config_service_win.cc(668)] Failed to read DnsConfig.
[0119/101124.214:WARNING:dns_config_service_win.cc(668)] Failed to read DnsConfig.
[0119/101124.416:WARNING:dns_config_service_win.cc(668)] Failed to read DnsConfig.
[0119/101129.235:WARNING:dns_config_service_win.cc(668)] Failed to read DnsConfig.
[0119/101129.424:WARNING:dns_config_service_win.cc(668)] Failed to read DnsConfig.
[0119/101134.247:WARNING:dns_config_service_win.cc(668)] Failed to read DnsConfig.
[0119/101134.448:WARNING:dns_config_service_win.cc(668)] Failed to read DnsConfig.
[0119/101139.263:WARNING:dns_config_service_win.cc(668)] Failed to read DnsConfig.
[0119/101139.464:WARNING:dns_config_service_win.cc(668)] Failed to read DnsConfig.
[0119/101144.278:WARNING:dns_config_service_win.cc(668)] Failed to read DnsConfig.
[0119/101144.479:WARNING:dns_config_service_win.cc(668)] Failed to read DnsConfig.
[0119/101149.296:WARNING:dns_config_service_win.cc(668)] Failed to read DnsConfig.
[0119/101149.498:WARNING:dns_config_service_win.cc(668)] Failed to read DnsConfig.
[0119/101154.319:WARNING:dns_config_service_win.cc(668)] Failed to read DnsConfig.
[0119/101154.519:WARNING:dns_config_service_win.cc(668)] Failed to read DnsConfig.
[0119/101159.345:WARNING:dns_config_service_win.cc(668)] Failed to read DnsConfig.
[0119/101159.527:WARNING:dns_config_service_win.cc(668)] Failed to read DnsConfig.
[0119/101204.357:WARNING:dns_config_service_win.cc(668)] Failed to read DnsConfig.
[0119/101204.545:WARNING:dns_config_service_win.cc(668)] Failed to read DnsConfig.
[0119/101209.377:WARNING:dns_config_service_win.cc(668)] Failed to read DnsConfig.
[0119/101209.563:WARNING:dns_config_service_win.cc(668)] Failed to read DnsConfig.
[0119/101214.391:WARNING:dns_config_service_win.cc(668)] Failed to read DnsConfig.
[0119/101214.582:WARNING:dns_config_service_win.cc(668)] Failed to read DnsConfig.
[0119/101219.407:WARNING:dns_config_service_win.cc(668)] Failed to read DnsConfig.
[0119/101219.602:WARNING:dns_config_service_win.cc(668)] Failed to read DnsConfig.
[0119/101224.429:WARNING:dns_config_service_win.cc(668)] Failed to read DnsConfig.
[0119/101224.615:WARNING:dns_config_service_win.cc(668)] Failed to read DnsConfig.
[0119/101229.451:WARNING:dns_config_service_win.cc(668)] Failed to read DnsConfig.
[0119/101229.637:WARNING:dns_config_service_win.cc(668)] Failed to read DnsConfig.
[0119/101234.469:WARNING:dns_config_service_win.cc(668)] Failed to read DnsConfig.
[0119/101234.651:WARNING:dns_config_service_win.cc(668)] Failed to read DnsConfig.
[0119/101239.482:WARNING:dns_config_service_win.cc(668)] Failed to read DnsConfig.
[0119/101239.668:WARNING:dns_config_service_win.cc(668)] Failed to read DnsConfig.
[0119/101244.500:WARNING:dns_config_service_win.cc(668)] Failed to read DnsConfig.
[0119/101244.692:WARNING:dns_config_service_win.cc(668)] Failed to read DnsConfig.
[0119/101249.517:WARNING:dns_config_service_win.cc(668)] Failed to read DnsConfig.
[0119/101249.709:WARNING:dns_config_service_win.cc(668)] Failed to read DnsConfig.
[0119/101254.530:WARNING:dns_config_service_win.cc(668)] Failed to read DnsConfig.
[0119/101254.730:WARNING:dns_config_service_win.cc(668)] Failed to read DnsConfig.
[0119/101259.544:WARNING:dns_config_service_win.cc(668)] Failed to read DnsConfig.
[0119/101259.746:WARNING:dns_config_service_win.cc(668)] Failed to read DnsConfig.
[0119/101304.561:WARNING:dns_config_service_win.cc(668)] Failed to read DnsConfig.
[0119/101304.769:WARNING:dns_config_service_win.cc(668)] Failed to read DnsConfig.
[0119/101309.575:WARNING:dns_config_service_win.cc(668)] Failed to read DnsConfig.
[0119/101309.792:WARNING:dns_config_service_win.cc(668)] Failed to read DnsConfig.
[0119/101314.596:WARNING:dns_config_service_win.cc(668)] Failed to read DnsConfig.
[0119/101314.812:WARNING:dns_config_service_win.cc(668)] Failed to read DnsConfig.
[0119/101319.613:WARNING:dns_config_service_win.cc(668)] Failed to read DnsConfig.
[0119/101319.837:WARNING:dns_config_service_win.cc(668)] Failed to read DnsConfig.
[0119/101324.627:WARNING:dns_config_service_win.cc(668)] Failed to read DnsConfig.
[0119/101324.846:WARNING:dns_config_service_win.cc(668)] Failed to read DnsConfig.
[0119/101329.642:WARNING:dns_config_service_win.cc(668)] Failed to read DnsConfig.
[0119/101329.861:WARNING:dns_config_service_win.cc(668)] Failed to read DnsConfig.
[0119/101334.655:WARNING:dns_config_service_win.cc(668)] Failed to read DnsConfig.
[0119/101334.885:WARNING:dns_config_service_win.cc(668)] Failed to read DnsConfig.
[0119/101339.670:WARNING:dns_config_service_win.cc(668)] Failed to read DnsConfig.
[0119/101339.905:WARNING:dns_config_service_win.cc(668)] Failed to read DnsConfig.
[0119/101344.691:WARNING:dns_config_service_win.cc(668)] Failed to read DnsConfig.
[0119/101344.928:WARNING:dns_config_service_win.cc(668)] Failed to read DnsConfig.
[0119/101349.700:WARNING:dns_config_service_win.cc(668)] Failed to read DnsConfig.
[0119/101349.953:WARNING:dns_config_service_win.cc(668)] Failed to read DnsConfig.
[0119/101354.713:WARNING:dns_config_service_win.cc(668)] Failed to read DnsConfig.
[0119/101354.958:WARNING:dns_config_service_win.cc(668)] Failed to read DnsConfig.
[0119/101359.729:WARNING:dns_config_service_win.cc(668)] Failed to read DnsConfig.
[0119/101359.982:WARNING:dns_config_service_win.cc(668)] Failed to read DnsConfig.
[0119/101404.751:WARNING:dns_config_service_win.cc(668)] Failed to read DnsConfig.
[0119/101405.005:WARNING:dns_config_service_win.cc(668)] Failed to read DnsConfig.
[0119/101409.776:WARNING:dns_config_service_win.cc(668)] Failed to read DnsConfig.
[0119/101410.023:WARNING:dns_config_service_win.cc(668)] Failed to read DnsConfig.
[0119/101414.792:WARNING:dns_config_service_win.cc(668)] Failed to read DnsConfig.
[0119/101415.044:WARNING:dns_config_service_win.cc(668)] Failed to read DnsConfig.
[0119/101419.809:WARNING:dns_config_service_win.cc(668)] Failed to read DnsConfig.
[0119/101420.056:WARNING:dns_config_service_win.cc(668)] Failed to read DnsConfig.
[0119/101424.827:WARNING:dns_config_service_win.cc(668)] Failed to read DnsConfig.
[0119/101425.079:WARNING:dns_config_service_win.cc(668)] Failed to read DnsConfig.
[0119/101429.851:WARNING:dns_config_service_win.cc(668)] Failed to read DnsConfig.
[0119/101430.101:WARNING:dns_config_service_win.cc(668)] Failed to read DnsConfig.
[0119/101434.876:WARNING:dns_config_service_win.cc(668)] Failed to read DnsConfig.
[0119/101435.123:WARNING:dns_config_service_win.cc(668)] Failed to read DnsConfig.
[0119/101439.889:WARNING:dns_config_service_win.cc(668)] Failed to read DnsConfig.
[0119/101440.133:WARNING:dns_config_service_win.cc(668)] Failed to read DnsConfig.
[0119/101444.905:WARNING:dns_config_service_win.cc(668)] Failed to read DnsConfig.
[0119/101445.167:WARNING:dns_config_service_win.cc(668)] Failed to read DnsConfig.
[0119/101445.222:WARNING:dns_config_service_win.cc(668)] Failed to read DnsConfig.
